<?xml version="1.0" encoding="UTF-8"?>
<!-- Generated by org.testng.reporters.JUnitReportReporter -->
<testsuite hostname="Kanimozhi" failures="0" tests="3" name="com.runnerclass.Runnerclass" time="6.977" errors="0" timestamp="10 Oct 2023 08:21:02 GMT" skipped="0">
  <testcase classname="com.runnerclass.Runnerclass" name="validation" time="0.054"/>
  <testcase classname="com.runnerclass.Runnerclass" name="facebookLogin" time="1.503"/>
  <testcase classname="com.runnerclass.Runnerclass" name="failedPage" time="5.420"/>
</testsuite> <!-- com.runnerclass.Runnerclass -->
